
> secura-frontend@0.1.0 dev
> next dev

- ready started server on 0.0.0.0:3000, url: http://localhost:3000
- [36minfo[39m Loaded env from /app/frontend/.env.local
[35m[1mAttention[22m[39m: Next.js now collects completely anonymous telemetry regarding usage.
This information is used to shape Next.js' roadmap and prioritize features.
You can learn more, including how to opt-out if you'd not like to participate in this anonymous program, by visiting the following URL:
[36mhttps://nextjs.org/telemetry[39m

- [35mevent[39m compiled client and server successfully in 224 ms (20 modules)
- [36mwait[39m compiling...
- [35mevent[39m compiled client and server successfully in 147 ms (20 modules)
- [36mwait[39m compiling /middleware (client and server)...
- [35mevent[39m compiled successfully in 377 ms (44 modules)
- [36mwait[39m compiling /page (client and server)...
- [36mwait[39m compiling...

> secura-frontend@0.1.0 dev
> next dev

- ready started server on 0.0.0.0:3000, url: http://localhost:3000
- [36minfo[39m Loaded env from /app/frontend/.env.local
- [35mevent[39m compiled client and server successfully in 248 ms (20 modules)
- [36mwait[39m compiling...
- [35mevent[39m compiled client and server successfully in 130 ms (20 modules)
- [36mwait[39m compiling /middleware (client and server)...
- [35mevent[39m compiled successfully in 140 ms (44 modules)
- [36mwait[39m compiling /page (client and server)...
- [36mwait[39m compiling...
- [36mwait[39m compiling /_error (client and server)...
- [36mwait[39m compiling /login/page (client and server)...
- [36mwait[39m compiling /offline/page (client and server)...
